2023-10-01-14:50:21 INFO  BaseTest: setDriver: spark report configured
2023-10-01-14:50:26 INFO  BaseTest: getBrowserType: Firefox configured
2023-10-01-14:50:26 INFO  BaseTest: setup: loginTest2 Object is created
2023-10-01-14:50:27 INFO  LoginPage: loginToApp: application launched
2023-10-01-14:50:30 INFO  LoginTests: loginTest2: Home Page Displayed
2023-10-01-14:50:30 INFO  BaseTest: teardown: loginTest2 tearDown is called
2023-10-01-14:50:30 INFO  BaseTest: setup: loginTest4A Object is created
2023-10-01-14:50:31 INFO  LoginTests: loginTest4a: Forgot username page is displayed
2023-10-01-14:50:32 INFO  BaseTest: teardown: loginTest4A tearDown is called
2023-10-01-14:50:34 INFO  BaseTest: removeDriver: remove driver
2023-10-01-14:50:35 INFO  BaseTest: setDriver: spark report configured
2023-10-01-14:50:39 INFO  BaseTest: getBrowserType: Firefox configured
2023-10-01-14:50:39 INFO  BaseTest: setup: loginTest2 Object is created
2023-10-01-14:50:40 INFO  LoginPage: loginToApp: application launched
2023-10-01-14:50:42 INFO  LoginTests: loginTest2: Home Page Displayed
2023-10-01-14:50:42 INFO  BaseTest: teardown: loginTest2 tearDown is called
2023-10-01-14:50:42 INFO  BaseTest: setup: loginTest4A Object is created
2023-10-01-14:50:43 INFO  LoginTests: loginTest4a: Forgot username page is displayed
2023-10-01-14:50:44 INFO  BaseTest: teardown: loginTest4A tearDown is called
2023-10-01-14:50:46 INFO  BaseTest: removeDriver: remove driver
